[handleMsg]:  Message {
  _data: {
    id: {
      fromMe: false,
      remote: '51929924202@c.us',
      id: 'A035E2627D322599975835747057E99D',
      _serialized: 'false_51929924202@c.us_A035E2627D322599975835747057E99D'
    },
    body: 'hola',
    type: 'chat',
    t: 1682312364,
    notifyName: 'Nain Acero Mamani',
    from: '51929924202@c.us',
    to: '51934059573@c.us',
    self: 'in',
    ack: 1,
    isNewMsg: true,
    star: false,
    kicNotified: false,
    recvFresh: true,
    isFromTemplate: false,
    pollInvalidated: false,
    isSentCagPollCreation: false,
    latestEditMsgKey: null,
    latestEditSenderTimestampMs: null,
    broadcast: false,
    mentionedJidList: [],
    groupMentions: [],
    isVcardOverMmsDocument: false,
    isForwarded: false,
    hasReaction: false,
    productHeaderImageRejected: false,
    lastPlaybackProgress: 0,
    isDynamicReplyButtonsMsg: false,
    isMdHistoryMsg: false,
    stickerSentTs: 0,
    isAvatar: false,
    requiresDirectConnection: false,
    links: []
  },
  mediaKey: undefined,
  id: {
    fromMe: false,
    remote: '51929924202@c.us',
    id: 'A035E2627D322599975835747057E99D',
    _serialized: 'false_51929924202@c.us_A035E2627D322599975835747057E99D'
  },
  ack: 1,
  hasMedia: false,
  body: 'hola',
  type: 'chat',
  timestamp: 1682312364,
  from: '51929924202',
  to: '51934059573@c.us',
  author: undefined,
  deviceType: 'android',
  isForwarded: false,
  forwardingScore: 0,
  isStatus: undefined,
  isStarred: false,
  broadcast: false,
  fromMe: false,
  hasQuotedMsg: false,
  duration: undefined,
  location: undefined,
  vCards: [],
  inviteV4: undefined,
  mentionedIds: [],
  orderId: undefined,
  token: undefined,
  isGif: false,
  isEphemeral: undefined,
  links: []
}
